<?xml version="1.0" encoding="UTF-8"?>
<testng-results ignored="0" total="4" passed="3" failed="1" skipped="0">
  <reporter-output>
  </reporter-output>
  <suite started-at="2023-05-06T10:26:28 EET" name="Suite" finished-at="2023-05-06T10:26:36 EET" duration-ms="7966">
    <groups>
    </groups>
    <test started-at="2023-05-06T10:26:28 EET" name="test" finished-at="2023-05-06T10:26:36 EET" duration-ms="7966">
      <class name="logintestcases.UI">
        <test-method is-config="true" signature="setup()[pri:0, instance:logintestcases.UI@4229bb3f]" started-at="2023-05-06T10:26:28 EET" name="setup" finished-at="2023-05-06T10:26:30 EET" duration-ms="1444" status="PASS">
          <reporter-output>
          </reporter-output>
        </test-method> <!-- setup -->
        <test-method signature="checkUIContent()[pri:0, instance:logintestcases.UI@4229bb3f]" started-at="2023-05-06T10:26:30 EET" name="checkUIContent" description="check sign_in UI" finished-at="2023-05-06T10:26:31 EET" duration-ms="983" status="FAIL">
          <exception class="java.lang.AssertionError">
            <message>
              <![CDATA[expected [true] but found [false]]]>
            </message>
            <full-stacktrace>
              <![CDATA[java.lang.AssertionError: expected [true] but found [false]
at org.testng.Assert.fail(Assert.java:99)
at org.testng.Assert.failNotEquals(Assert.java:1037)
at org.testng.Assert.assertTrue(Assert.java:45)
at org.testng.Assert.assertTrue(Assert.java:55)
at logintestcases.UI.checkUIContent(UI.java:18)
at java.base/jdk.internal.reflect.NativeMethodAccessorImpl.invoke0(Native Method)
at java.base/jdk.internal.reflect.NativeMethodAccessorImpl.invoke(NativeMethodAccessorImpl.java:77)
at java.base/jdk.internal.reflect.DelegatingMethodAccessorImpl.invoke(DelegatingMethodAccessorImpl.java:43)
at java.base/java.lang.reflect.Method.invoke(Method.java:568)
at org.testng.internal.MethodInvocationHelper.invokeMethod(MethodInvocationHelper.java:133)
at org.testng.internal.TestInvoker.invokeMethod(TestInvoker.java:598)
at org.testng.internal.TestInvoker.invokeTestMethod(TestInvoker.java:173)
at org.testng.internal.MethodRunner.runInSequence(MethodRunner.java:46)
at org.testng.internal.TestInvoker$MethodInvocationAgent.invoke(TestInvoker.java:824)
at org.testng.internal.TestInvoker.invokeTestMethods(TestInvoker.java:146)
at org.testng.internal.TestMethodWorker.invokeTestMethods(TestMethodWorker.java:146)
at org.testng.internal.TestMethodWorker.run(TestMethodWorker.java:128)
at java.base/java.util.ArrayList.forEach(ArrayList.java:1511)
at org.testng.TestRunner.privateRun(TestRunner.java:794)
at org.testng.TestRunner.run(TestRunner.java:596)
at org.testng.SuiteRunner.runTest(SuiteRunner.java:377)
at org.testng.SuiteRunner.runSequentially(SuiteRunner.java:371)
at org.testng.SuiteRunner.privateRun(SuiteRunner.java:332)
at org.testng.SuiteRunner.run(SuiteRunner.java:276)
at org.testng.SuiteRunnerWorker.runSuite(SuiteRunnerWorker.java:53)
at org.testng.SuiteRunnerWorker.run(SuiteRunnerWorker.java:96)
at org.testng.TestNG.runSuitesSequentially(TestNG.java:1212)
at org.testng.TestNG.runSuitesLocally(TestNG.java:1134)
at org.testng.TestNG.runSuites(TestNG.java:1063)
at org.testng.TestNG.run(TestNG.java:1031)
at org.testng.remote.AbstractRemoteTestNG.run(AbstractRemoteTestNG.java:115)
at org.testng.remote.RemoteTestNG.initAndRun(RemoteTestNG.java:251)
at org.testng.remote.RemoteTestNG.main(RemoteTestNG.java:77)
]]>
            </full-stacktrace>
          </exception> <!-- java.lang.AssertionError -->
          <reporter-output>
          </reporter-output>
        </test-method> <!-- checkUIContent -->
        <test-method is-config="true" signature="tear_down()[pri:0, instance:logintestcases.UI@4229bb3f]" started-at="2023-05-06T10:26:31 EET" name="tear_down" finished-at="2023-05-06T10:26:31 EET" duration-ms="83" status="PASS">
          <reporter-output>
          </reporter-output>
        </test-method> <!-- tear_down -->
        <test-method is-config="true" signature="setup()[pri:0, instance:logintestcases.UI@4229bb3f]" started-at="2023-05-06T10:26:31 EET" name="setup" finished-at="2023-05-06T10:26:32 EET" duration-ms="669" status="PASS">
          <reporter-output>
          </reporter-output>
        </test-method> <!-- setup -->
        <test-method signature="checkUIContentLoginBtn()[pri:0, instance:logintestcases.UI@4229bb3f]" started-at="2023-05-06T10:26:32 EET" name="checkUIContentLoginBtn" description="check sign_in UI login" finished-at="2023-05-06T10:26:33 EET" duration-ms="1015" status="PASS">
          <reporter-output>
          </reporter-output>
        </test-method> <!-- checkUIContentLoginBtn -->
        <test-method is-config="true" signature="tear_down()[pri:0, instance:logintestcases.UI@4229bb3f]" started-at="2023-05-06T10:26:33 EET" name="tear_down" finished-at="2023-05-06T10:26:33 EET" duration-ms="74" status="PASS">
          <reporter-output>
          </reporter-output>
        </test-method> <!-- tear_down -->
        <test-method is-config="true" signature="setup()[pri:0, instance:logintestcases.UI@4229bb3f]" started-at="2023-05-06T10:26:33 EET" name="setup" finished-at="2023-05-06T10:26:33 EET" duration-ms="705" status="PASS">
          <reporter-output>
          </reporter-output>
        </test-method> <!-- setup -->
        <test-method signature="checkUIContentPass()[pri:0, instance:logintestcases.UI@4229bb3f]" started-at="2023-05-06T10:26:33 EET" name="checkUIContentPass" description="check sign_in UI password" finished-at="2023-05-06T10:26:34 EET" duration-ms="1017" status="PASS">
          <reporter-output>
          </reporter-output>
        </test-method> <!-- checkUIContentPass -->
        <test-method is-config="true" signature="tear_down()[pri:0, instance:logintestcases.UI@4229bb3f]" started-at="2023-05-06T10:26:34 EET" name="tear_down" finished-at="2023-05-06T10:26:34 EET" duration-ms="78" status="PASS">
          <reporter-output>
          </reporter-output>
        </test-method> <!-- tear_down -->
        <test-method is-config="true" signature="setup()[pri:0, instance:logintestcases.UI@4229bb3f]" started-at="2023-05-06T10:26:34 EET" name="setup" finished-at="2023-05-06T10:26:35 EET" duration-ms="715" status="PASS">
          <reporter-output>
          </reporter-output>
        </test-method> <!-- setup -->
        <test-method signature="checkUIContentUserName()[pri:0, instance:logintestcases.UI@4229bb3f]" started-at="2023-05-06T10:26:35 EET" name="checkUIContentUserName" description="check sign_in UI username" finished-at="2023-05-06T10:26:36 EET" duration-ms="989" status="PASS">
          <reporter-output>
          </reporter-output>
        </test-method> <!-- checkUIContentUserName -->
        <test-method is-config="true" signature="tear_down()[pri:0, instance:logintestcases.UI@4229bb3f]" started-at="2023-05-06T10:26:36 EET" name="tear_down" finished-at="2023-05-06T10:26:36 EET" duration-ms="80" status="PASS">
          <reporter-output>
          </reporter-output>
        </test-method> <!-- tear_down -->
      </class> <!-- logintestcases.UI -->
    </test> <!-- test -->
  </suite> <!-- Suite -->
</testng-results>
